<?xml version="1.0" encoding="UTF-8"?>
<!-- Generated by org.testng.reporters.JUnitXMLReporter -->
<testsuite ignored="0" hostname="Active35" failures="0" tests="3" name="Default test" time="39.822" errors="0" timestamp="2025-04-14T16:14:27 IST">
  <testcase classname="testNgSmilo.WidgetFunctionality" name="navigateToUploadpage" time="6.983"/>
  <testcase classname="testNgSmilo.WidgetFunctionality" name="ContactInfo" time="0.548"/>
  <testcase classname="testNgSmilo.WidgetFunctionality" name="EnsureWeAreOnfinalCardPage" time="27.239"/>
</testsuite> <!-- Default test -->
