<?xml version="1.0" encoding="UTF-8"?>
<testng-results ignored="0" total="1" passed="1" failed="0" skipped="0">
  <reporter-output>
  </reporter-output>
  <suite started-at="2025-04-02T15:05:45 IST" name="Default suite" finished-at="2025-04-02T15:06:17 IST" duration-ms="31893">
    <groups>
    </groups>
    <test started-at="2025-04-02T15:05:45 IST" name="Default test" finished-at="2025-04-02T15:06:17 IST" duration-ms="31893">
      <class name="testNgSmilo.WidgetFlow">
        <test-method is-config="true" signature="launchTheBrowser()[pri:0, instance:testNgSmilo.WidgetFlow@2767e23c]" started-at="2025-04-02T15:05:45 IST" name="launchTheBrowser" finished-at="2025-04-02T15:05:51 IST" duration-ms="5747" status="PASS">
          <reporter-output>
          </reporter-output>
        </test-method> <!-- launchTheBrowser -->
        <test-method signature="navigateToUploadpage()[pri:0, instance:testNgSmilo.WidgetFlow@2767e23c]" started-at="2025-04-02T15:05:51 IST" name="navigateToUploadpage" finished-at="2025-04-02T15:06:17 IST" duration-ms="26076" status="PASS">
          <reporter-output>
          </reporter-output>
        </test-method> <!-- navigateToUploadpage -->
      </class> <!-- testNgSmilo.WidgetFlow -->
    </test> <!-- Default test -->
  </suite> <!-- Default suite -->
</testng-results>
