<?xml version="1.0" encoding="UTF-8"?>
<!-- Generated by org.testng.reporters.JUnitXMLReporter -->
<testsuite ignored="0" hostname="Active35" failures="0" tests="3" name="Harmonized Code Domain" time="23.389" errors="0" timestamp="2025-03-20T12:28:57 IST">
  <testcase classname="testNgSmilo.LoginClass" name="EntermailAndPassword" time="0.863"/>
  <testcase classname="testNgSmilo.LoginClass" name="ExtractTheMailOtpAndPassIntoTheOtpFields" time="13.845"/>
  <testcase classname="testNgSmilo.LoginClass" name="VerifyTheDashBoardPage" time="0.002"/>
</testsuite> <!-- Harmonized Code Domain -->
