<?xml version="1.0" encoding="UTF-8"?>
<!-- Generated by org.testng.reporters.JUnitXMLReporter -->
<testsuite ignored="0" hostname="Active35" failures="0" tests="3" name="Merge Code Domain" time="20.584" errors="0" timestamp="2025-03-20T12:28:54 IST">
  <testcase classname="testNgSmilo.LoginClass" name="EntermailAndPassword" time="0.493"/>
  <testcase classname="testNgSmilo.LoginClass" name="ExtractTheMailOtpAndPassIntoTheOtpFields" time="15.19"/>
  <testcase classname="testNgSmilo.LoginClass" name="VerifyTheDashBoardPage" time="0.003"/>
</testsuite> <!-- Merge Code Domain -->
