<?xml version="1.0" encoding="UTF-8"?>
<!-- Generated by org.testng.reporters.JUnitXMLReporter -->
<testsuite ignored="0" hostname="Active35" failures="1" tests="2" name="Merge PEP Ind Code Domain" time="0.107" errors="0" timestamp="2025-03-20T12:41:18 IST">
  <testcase classname="testNgSmilo.PepLogin" name="EntermailAndPassword" time="0.02">
    <failure type="java.lang.NullPointerException" message="Cannot invoke &amp;quot;org.openqa.selenium.WebDriver.findElement(org.openqa.selenium.By)&amp;quot; because &amp;quot;testNgSmilo.LoginClass.driver&amp;quot; is null">
      <![CDATA[java.lang.NullPointerException: Cannot invoke "org.openqa.selenium.WebDriver.findElement(org.openqa.selenium.By)" because "testNgSmilo.LoginClass.driver" is null
at testNgSmilo.PepLogin.EntermailAndPassword(PepLogin.java:14)
at java.base/java.util.ArrayList.forEach(ArrayList.java:1511)
at java.base/java.util.concurrent.FutureTask.run(FutureTask.java:264)
at java.base/java.util.concurrent.ThreadPoolExecutor.runWorker(ThreadPoolExecutor.java:1136)
at java.base/java.util.concurrent.ThreadPoolExecutor$Worker.run(ThreadPoolExecutor.java:635)
at java.base/java.lang.Thread.run(Thread.java:840)
... Removed 17 stack frames]]>
    </failure>
  </testcase> <!-- EntermailAndPassword -->
  <testcase classname="testNgSmilo.PepLogin" name="userOnThePEPDashboardPage" time="0.011"/>
</testsuite> <!-- Merge PEP Ind Code Domain -->
