<?xml version="1.0" encoding="UTF-8"?>
<!-- Generated by org.testng.reporters.JUnitXMLReporter -->
<testsuite ignored="0" hostname="Active35" failures="0" tests="3" name="Merge Admin Ind Code Domain" time="34.001" errors="0" timestamp="2025-03-21T12:32:09 IST">
  <testcase classname="testNgSmilo.LoginClass" name="EntermailAndPassword" time="0.489"/>
  <testcase classname="testNgSmilo.LoginClass" name="ExtractTheMailOtpAndPassIntoTheOtpFields" time="27.723"/>
  <testcase classname="testNgSmilo.LoginClass" name="VerifyTheDashBoardPage" time="0.002"/>
</testsuite> <!-- Merge Admin Ind Code Domain -->
